{"C:\\Users\\juand\\OneDrive\\Escritorio\\rest_api_server\\src\\router.ts": {"path":"C:\\Users\\juand\\OneDrive\\Escritorio\\rest_api_server\\src\\router.ts","statementMap":{"0":{"start":{"line":1,"column":0},"end":{"line":1,"column":32}},"1":{"start":{"line":2,"column":0},"end":{"line":2,"column":47}},"2":{"start":{"line":3,"column":0},"end":{"line":3,"column":129}},"3":{"start":{"line":4,"column":0},"end":{"line":4,"column":48}},"4":{"start":{"line":6,"column":15},"end":{"line":6,"column":23}},"5":{"start":{"line":8,"column":0},"end":{"line":8,"column":null}},"6":{"start":{"line":9,"column":0},"end":{"line":13,"column":null}},"7":{"start":{"line":17,"column":0},"end":{"line":25,"column":null}},"8":{"start":{"line":22,"column":23},"end":{"line":22,"column":30}},"9":{"start":{"line":27,"column":0},"end":{"line":37,"column":null}},"10":{"start":{"line":33,"column":23},"end":{"line":33,"column":30}},"11":{"start":{"line":39,"column":0},"end":{"line":43,"column":null}},"12":{"start":{"line":44,"column":0},"end":{"line":48,"column":null}},"13":{"start":{"line":52,"column":0},"end":{"line":52,"column":null}}},"fnMap":{"0":{"name":"(anonymous_0)","decl":{"start":{"line":22,"column":16},"end":{"line":22,"column":21}},"loc":{"start":{"line":22,"column":23},"end":{"line":22,"column":30}}},"1":{"name":"(anonymous_1)","decl":{"start":{"line":33,"column":16},"end":{"line":33,"column":21}},"loc":{"start":{"line":33,"column":23},"end":{"line":33,"column":30}}}},"branchMap":{},"s":{"0":2,"1":2,"2":2,"3":2,"4":2,"5":2,"6":2,"7":2,"8":4,"9":2,"10":5,"11":2,"12":2,"13":2},"f":{"0":4,"1":5},"b":{}}
,"C:\\Users\\juand\\OneDrive\\Escritorio\\rest_api_server\\src\\server.ts": {"path":"C:\\Users\\juand\\OneDrive\\Escritorio\\rest_api_server\\src\\server.ts","statementMap":{"0":{"start":{"line":6,"column":0},"end":{"line":6,"column":7}},"1":{"start":{"line":1,"column":0},"end":{"line":1,"column":31}},"2":{"start":{"line":2,"column":0},"end":{"line":2,"column":30}},"3":{"start":{"line":3,"column":0},"end":{"line":3,"column":29}},"4":{"start":{"line":4,"column":0},"end":{"line":4,"column":27}},"5":{"start":{"line":7,"column":4},"end":{"line":14,"column":5}},"6":{"start":{"line":8,"column":8},"end":{"line":8,"column":null}},"7":{"start":{"line":9,"column":8},"end":{"line":9,"column":null}},"8":{"start":{"line":13,"column":8},"end":{"line":13,"column":null}},"9":{"start":{"line":17,"column":0},"end":{"line":17,"column":null}},"10":{"start":{"line":19,"column":15},"end":{"line":19,"column":24}},"11":{"start":{"line":22,"column":0},"end":{"line":22,"column":null}},"12":{"start":{"line":23,"column":0},"end":{"line":23,"column":null}},"13":{"start":{"line":25,"column":0},"end":{"line":27,"column":null}},"14":{"start":{"line":26,"column":4},"end":{"line":26,"column":null}},"15":{"start":{"line":30,"column":0},"end":{"line":30,"column":null}}},"fnMap":{"0":{"name":"connectDB","decl":{"start":{"line":6,"column":22},"end":{"line":6,"column":31}},"loc":{"start":{"line":6,"column":31},"end":{"line":15,"column":1}}},"1":{"name":"(anonymous_2)","decl":{"start":{"line":25,"column":18},"end":{"line":25,"column":19}},"loc":{"start":{"line":25,"column":29},"end":{"line":27,"column":1}}}},"branchMap":{},"s":{"0":2,"1":2,"2":2,"3":2,"4":2,"5":3,"6":3,"7":2,"8":1,"9":2,"10":2,"11":2,"12":2,"13":2,"14":1,"15":2},"f":{"0":3,"1":1},"b":{}}
,"C:\\Users\\juand\\OneDrive\\Escritorio\\rest_api_server\\src\\config\\db.ts": {"path":"C:\\Users\\juand\\OneDrive\\Escritorio\\rest_api_server\\src\\config\\db.ts","statementMap":{"0":{"start":{"line":1,"column":0},"end":{"line":1,"column":49}},"1":{"start":{"line":2,"column":0},"end":{"line":2,"column":27}},"2":{"start":{"line":3,"column":0},"end":{"line":3,"column":null}},"3":{"start":{"line":6,"column":11},"end":{"line":9,"column":2}},"4":{"start":{"line":12,"column":0},"end":{"line":12,"column":null}}},"fnMap":{},"branchMap":{},"s":{"0":2,"1":2,"2":2,"3":2,"4":2},"f":{},"b":{}}
,"C:\\Users\\juand\\OneDrive\\Escritorio\\rest_api_server\\src\\handlers\\product.ts": {"path":"C:\\Users\\juand\\OneDrive\\Escritorio\\rest_api_server\\src\\handlers\\product.ts","statementMap":{"0":{"start":{"line":2,"column":0},"end":{"line":2,"column":45}},"1":{"start":{"line":4,"column":25},"end":{"line":15,"column":1}},"2":{"start":{"line":5,"column":4},"end":{"line":14,"column":5}},"3":{"start":{"line":6,"column":25},"end":{"line":10,"column":10}},"4":{"start":{"line":11,"column":8},"end":{"line":11,"column":null}},"5":{"start":{"line":13,"column":8},"end":{"line":13,"column":null}},"6":{"start":{"line":4,"column":13},"end":{"line":4,"column":25}},"7":{"start":{"line":18,"column":28},"end":{"line":32,"column":1}},"8":{"start":{"line":19,"column":4},"end":{"line":31,"column":5}},"9":{"start":{"line":20,"column":17},"end":{"line":20,"column":27}},"10":{"start":{"line":21,"column":23},"end":{"line":21,"column":49}},"11":{"start":{"line":22,"column":7},"end":{"line":27,"column":8}},"12":{"start":{"line":23,"column":8},"end":{"line":25,"column":null}},"13":{"start":{"line":26,"column":8},"end":{"line":26,"column":14}},"14":{"start":{"line":28,"column":7},"end":{"line":28,"column":null}},"15":{"start":{"line":30,"column":8},"end":{"line":30,"column":null}},"16":{"start":{"line":18,"column":13},"end":{"line":18,"column":28}},"17":{"start":{"line":35,"column":27},"end":{"line":43,"column":1}},"18":{"start":{"line":36,"column":4},"end":{"line":41,"column":5}},"19":{"start":{"line":37,"column":24},"end":{"line":37,"column":54}},"20":{"start":{"line":38,"column":8},"end":{"line":38,"column":null}},"21":{"start":{"line":40,"column":8},"end":{"line":40,"column":null}},"22":{"start":{"line":35,"column":13},"end":{"line":35,"column":27}},"23":{"start":{"line":45,"column":27},"end":{"line":61,"column":1}},"24":{"start":{"line":46,"column":4},"end":{"line":60,"column":5}},"25":{"start":{"line":47,"column":18},"end":{"line":47,"column":28}},"26":{"start":{"line":48,"column":23},"end":{"line":48,"column":49}},"27":{"start":{"line":49,"column":7},"end":{"line":54,"column":8}},"28":{"start":{"line":50,"column":8},"end":{"line":52,"column":null}},"29":{"start":{"line":53,"column":8},"end":{"line":53,"column":14}},"30":{"start":{"line":55,"column":7},"end":{"line":55,"column":null}},"31":{"start":{"line":56,"column":7},"end":{"line":56,"column":null}},"32":{"start":{"line":57,"column":7},"end":{"line":57,"column":null}},"33":{"start":{"line":59,"column":8},"end":{"line":59,"column":null}},"34":{"start":{"line":45,"column":13},"end":{"line":45,"column":27}},"35":{"start":{"line":62,"column":32},"end":{"line":78,"column":1}},"36":{"start":{"line":63,"column":4},"end":{"line":77,"column":5}},"37":{"start":{"line":64,"column":18},"end":{"line":64,"column":28}},"38":{"start":{"line":65,"column":23},"end":{"line":65,"column":49}},"39":{"start":{"line":66,"column":7},"end":{"line":71,"column":8}},"40":{"start":{"line":67,"column":8},"end":{"line":69,"column":null}},"41":{"start":{"line":70,"column":8},"end":{"line":70,"column":14}},"42":{"start":{"line":72,"column":7},"end":{"line":72,"column":null}},"43":{"start":{"line":73,"column":7},"end":{"line":73,"column":null}},"44":{"start":{"line":74,"column":7},"end":{"line":74,"column":null}},"45":{"start":{"line":76,"column":8},"end":{"line":76,"column":null}},"46":{"start":{"line":62,"column":13},"end":{"line":62,"column":32}},"47":{"start":{"line":80,"column":27},"end":{"line":95,"column":1}},"48":{"start":{"line":81,"column":4},"end":{"line":94,"column":5}},"49":{"start":{"line":82,"column":18},"end":{"line":82,"column":28}},"50":{"start":{"line":83,"column":23},"end":{"line":83,"column":49}},"51":{"start":{"line":84,"column":7},"end":{"line":89,"column":8}},"52":{"start":{"line":85,"column":8},"end":{"line":87,"column":null}},"53":{"start":{"line":88,"column":8},"end":{"line":88,"column":14}},"54":{"start":{"line":90,"column":7},"end":{"line":90,"column":null}},"55":{"start":{"line":91,"column":7},"end":{"line":91,"column":null}},"56":{"start":{"line":93,"column":8},"end":{"line":93,"column":null}},"57":{"start":{"line":80,"column":13},"end":{"line":80,"column":27}}},"fnMap":{"0":{"name":"(anonymous_1)","decl":{"start":{"line":4,"column":25},"end":{"line":4,"column":30}},"loc":{"start":{"line":4,"column":58},"end":{"line":15,"column":1}}},"1":{"name":"(anonymous_2)","decl":{"start":{"line":18,"column":28},"end":{"line":18,"column":33}},"loc":{"start":{"line":18,"column":61},"end":{"line":32,"column":1}}},"2":{"name":"(anonymous_3)","decl":{"start":{"line":35,"column":27},"end":{"line":35,"column":32}},"loc":{"start":{"line":35,"column":74},"end":{"line":43,"column":1}}},"3":{"name":"(anonymous_4)","decl":{"start":{"line":45,"column":27},"end":{"line":45,"column":32}},"loc":{"start":{"line":45,"column":60},"end":{"line":61,"column":1}}},"4":{"name":"(anonymous_5)","decl":{"start":{"line":62,"column":32},"end":{"line":62,"column":37}},"loc":{"start":{"line":62,"column":65},"end":{"line":78,"column":1}}},"5":{"name":"(anonymous_6)","decl":{"start":{"line":80,"column":27},"end":{"line":80,"column":32}},"loc":{"start":{"line":80,"column":60},"end":{"line":95,"column":1}}}},"branchMap":{"0":{"loc":{"start":{"line":22,"column":7},"end":{"line":27,"column":8}},"type":"if","locations":[{"start":{"line":22,"column":7},"end":{"line":27,"column":8}}]},"1":{"loc":{"start":{"line":49,"column":7},"end":{"line":54,"column":8}},"type":"if","locations":[{"start":{"line":49,"column":7},"end":{"line":54,"column":8}}]},"2":{"loc":{"start":{"line":66,"column":7},"end":{"line":71,"column":8}},"type":"if","locations":[{"start":{"line":66,"column":7},"end":{"line":71,"column":8}}]},"3":{"loc":{"start":{"line":84,"column":7},"end":{"line":89,"column":8}},"type":"if","locations":[{"start":{"line":84,"column":7},"end":{"line":89,"column":8}}]}},"s":{"0":2,"1":2,"2":2,"3":2,"4":2,"5":0,"6":2,"7":2,"8":1,"9":1,"10":1,"11":1,"12":0,"13":0,"14":1,"15":0,"16":2,"17":2,"18":1,"19":1,"20":1,"21":0,"22":2,"23":2,"24":2,"25":2,"26":2,"27":2,"28":1,"29":1,"30":1,"31":1,"32":1,"33":0,"34":2,"35":2,"36":2,"37":2,"38":2,"39":2,"40":1,"41":1,"42":1,"43":1,"44":1,"45":0,"46":2,"47":2,"48":2,"49":2,"50":2,"51":2,"52":1,"53":1,"54":1,"55":1,"56":0,"57":2},"f":{"0":2,"1":1,"2":1,"3":2,"4":2,"5":2},"b":{"0":[0],"1":[1],"2":[1],"3":[1]}}
,"C:\\Users\\juand\\OneDrive\\Escritorio\\rest_api_server\\src\\middleware\\index.ts": {"path":"C:\\Users\\juand\\OneDrive\\Escritorio\\rest_api_server\\src\\middleware\\index.ts","statementMap":{"0":{"start":{"line":2,"column":0},"end":{"line":2,"column":52}},"1":{"start":{"line":3,"column":31},"end":{"line":10,"column":1}},"2":{"start":{"line":4,"column":16},"end":{"line":4,"column":37}},"3":{"start":{"line":5,"column":4},"end":{"line":8,"column":5}},"4":{"start":{"line":6,"column":8},"end":{"line":6,"column":null}},"5":{"start":{"line":7,"column":8},"end":{"line":7,"column":14}},"6":{"start":{"line":9,"column":4},"end":{"line":9,"column":null}},"7":{"start":{"line":3,"column":13},"end":{"line":3,"column":31}}},"fnMap":{"0":{"name":"(anonymous_0)","decl":{"start":{"line":3,"column":31},"end":{"line":3,"column":32}},"loc":{"start":{"line":3,"column":77},"end":{"line":10,"column":1}}}},"branchMap":{"0":{"loc":{"start":{"line":5,"column":4},"end":{"line":8,"column":5}},"type":"if","locations":[{"start":{"line":5,"column":4},"end":{"line":8,"column":5}}]}},"s":{"0":2,"1":2,"2":16,"3":16,"4":8,"5":8,"6":8,"7":2},"f":{"0":16},"b":{"0":[8]}}
,"C:\\Users\\juand\\OneDrive\\Escritorio\\rest_api_server\\src\\models\\Product.model.ts": {"path":"C:\\Users\\juand\\OneDrive\\Escritorio\\rest_api_server\\src\\models\\Product.model.ts","statementMap":{"0":{"start":{"line":1,"column":0},"end":{"line":1,"column":73}},"1":{"start":{"line":7,"column":0},"end":{"line":21,"column":null}},"2":{"start":{"line":11,"column":12},"end":{"line":11,"column":null}},"3":{"start":{"line":15,"column":12},"end":{"line":15,"column":null}},"4":{"start":{"line":20,"column":12},"end":{"line":20,"column":null}},"5":{"start":{"line":7,"column":6},"end":{"line":21,"column":null}},"6":{"start":{"line":23,"column":0},"end":{"line":23,"column":null}}},"fnMap":{},"branchMap":{},"s":{"0":3,"1":3,"2":3,"3":3,"4":3,"5":3,"6":3},"f":{},"b":{}}
}
