TN:
SF:src\router.ts
FN:22,(anonymous_0)
FN:33,(anonymous_1)
FNF:2
FNH:2
FNDA:4,(anonymous_0)
FNDA:5,(anonymous_1)
DA:1,2
DA:2,2
DA:3,2
DA:4,2
DA:6,2
DA:8,2
DA:9,2
DA:17,2
DA:22,4
DA:27,2
DA:33,5
DA:39,2
DA:44,2
DA:52,2
LF:14
LH:14
BRF:0
BRH:0
end_of_record
TN:
SF:src\server.ts
FN:6,connectDB
FN:25,(anonymous_2)
FNF:2
FNH:2
FNDA:3,connectDB
FNDA:1,(anonymous_2)
DA:1,2
DA:2,2
DA:3,2
DA:4,2
DA:6,2
DA:7,3
DA:8,3
DA:9,2
DA:13,1
DA:17,2
DA:19,2
DA:22,2
DA:23,2
DA:25,2
DA:26,1
DA:30,2
LF:16
LH:16
BRF:0
BRH:0
end_of_record
TN:
SF:src\config\db.ts
FNF:0
FNH:0
DA:1,2
DA:2,2
DA:3,2
DA:6,2
DA:12,2
LF:5
LH:5
BRF:0
BRH:0
end_of_record
TN:
SF:src\handlers\product.ts
FN:4,(anonymous_1)
FN:18,(anonymous_2)
FN:35,(anonymous_3)
FN:45,(anonymous_4)
FN:62,(anonymous_5)
FN:80,(anonymous_6)
FNF:6
FNH:6
FNDA:2,(anonymous_1)
FNDA:1,(anonymous_2)
FNDA:1,(anonymous_3)
FNDA:2,(anonymous_4)
FNDA:2,(anonymous_5)
FNDA:2,(anonymous_6)
DA:2,2
DA:4,2
DA:5,2
DA:6,2
DA:11,2
DA:13,0
DA:18,2
DA:19,1
DA:20,1
DA:21,1
DA:22,1
DA:23,0
DA:26,0
DA:28,1
DA:30,0
DA:35,2
DA:36,1
DA:37,1
DA:38,1
DA:40,0
DA:45,2
DA:46,2
DA:47,2
DA:48,2
DA:49,2
DA:50,1
DA:53,1
DA:55,1
DA:56,1
DA:57,1
DA:59,0
DA:62,2
DA:63,2
DA:64,2
DA:65,2
DA:66,2
DA:67,1
DA:70,1
DA:72,1
DA:73,1
DA:74,1
DA:76,0
DA:80,2
DA:81,2
DA:82,2
DA:83,2
DA:84,2
DA:85,1
DA:88,1
DA:90,1
DA:91,1
DA:93,0
LF:52
LH:44
BRDA:22,0,0,0
BRDA:49,1,0,1
BRDA:66,2,0,1
BRDA:84,3,0,1
BRF:4
BRH:3
end_of_record
TN:
SF:src\middleware\index.ts
FN:3,(anonymous_0)
FNF:1
FNH:1
FNDA:16,(anonymous_0)
DA:2,2
DA:3,2
DA:4,16
DA:5,16
DA:6,8
DA:7,8
DA:9,8
LF:7
LH:7
BRDA:5,0,0,8
BRF:1
BRH:1
end_of_record
TN:
SF:src\models\Product.model.ts
FNF:0
FNH:0
DA:1,3
DA:7,3
DA:11,3
DA:15,3
DA:20,3
DA:23,3
LF:6
LH:6
BRF:0
BRH:0
end_of_record
